Running: C:\Xilinx\14.7\ISE_DS\ISE\bin\nt64\unwrapped\fuse.exe -intstyle ise -incremental -lib unisims_ver -lib unimacro_ver -lib xilinxcorelib_ver -lib secureip -o C:/Xilinx/projeto2_versaoestados/circuito_eletrico_circuito_eletrico_sch_tb_isim_beh.exe -prj C:/Xilinx/projeto2_versaoestados/circuito_eletrico_circuito_eletrico_sch_tb_beh.prj work.circuito_eletrico_circuito_eletrico_sch_tb work.glbl 
ISim P.20131013 (signature 0x7708f090)
Number of CPUs detected in this system: 12
Turning on mult-threading, number of parallel sub-compilation jobs: 24 
Determining compilation order of HDL files
Analyzing Verilog file "C:/Xilinx/projeto2_versaoestados/termobloco.vf" into library work
Analyzing Verilog file "C:/Xilinx/projeto2_versaoestados/codigo.v" into library work
WARNING:HDLCompiler:751 - "C:/Xilinx/projeto2_versaoestados/codigo.v" Line 39: Redeclaration of ansi port estado is not allowed
WARNING:HDLCompiler:751 - "C:/Xilinx/projeto2_versaoestados/codigo.v" Line 40: Redeclaration of ansi port bomba is not allowed
WARNING:HDLCompiler:751 - "C:/Xilinx/projeto2_versaoestados/codigo.v" Line 41: Redeclaration of ansi port termobloco is not allowed
WARNING:HDLCompiler:751 - "C:/Xilinx/projeto2_versaoestados/codigo.v" Line 42: Redeclaration of ansi port reservatorio is not allowed
Analyzing Verilog file "C:/Xilinx/projeto2_versaoestados/circuito_eletrico.vf" into library work
Analyzing Verilog file "C:/Xilinx/projeto2_versaoestados/simulacao.v" into library work
Analyzing Verilog file "C:/Xilinx/14.7/ISE_DS/ISE//verilog/src/glbl.v" into library work
Starting static elaboration
Completed static elaboration
Compiling module codigo
Compiling module AND5
Compiling module OR2
Compiling module INV
Compiling module termobloco_MUSER_circuito_eletri...
Compiling module circuito_eletrico
Compiling module circuito_eletrico_circuito_eletr...
Compiling module glbl
Time Resolution for simulation is 1ps.
Compiled 8 Verilog Units
Built simulation executable C:/Xilinx/projeto2_versaoestados/circuito_eletrico_circuito_eletrico_sch_tb_isim_beh.exe
Fuse Memory Usage: 29996 KB
Fuse CPU Usage: 359 ms
