Command line:
   circuito_eletrico_circuito_eletrico_sch_tb_isim_beh.exe
     -simmode  gui
     -simrunnum  0
     -socket  59156

Sun Jan 23 14:51:33 2022


 Elaboration Time: 0.046875 sec

 Current Memory Usage: 5156.74 Meg

 Total Signals          : 66
 Total Nets             : 48
 Total Signal Drivers   : 21
 Total Blocks           : 11
 Total Primitive Blocks : 8
 Total Processes        : 28
 Total Traceable Variables  : 48
 Total Scalar Nets and Variables : 384
Total Line Count : 134

 Total Simulation Time: 0.109375 sec

 Current Memory Usage: 5471.31 Meg

Sun Jan 23 14:52:16 2022

